# JRE version: OpenJDK Runtime Environment (11.0.2+9) (build 11.0.2+9)
# Java VM: OpenJDK 64-Bit Server VM (11.0.2+9, mixed mode, tiered, compressed oops, g1 gc, windows-amd64)
Heap:
 garbage-first heap   total 235520K, used 160488K [0x0000000740000000, 0x0000000800000000)
  region size 1024K, 31 young (31744K), 3 survivors (3072K)
 Metaspace       used 112429K, capacity 113978K, committed 119120K, reserved 1150976K
  class space    used 15337K, capacity 15958K, committed 17664K, reserved 1048576K
GC Heap History (10 events):
Event: 5029.942 GC heap before
{Heap before GC invocations=403 (full 9):
 garbage-first heap   total 235520K, used 190097K [0x0000000740000000, 0x0000000800000000)
  region size 1024K, 60 young (61440K), 4 survivors (4096K)
 Metaspace       used 112311K, capacity 113850K, committed 118864K, reserved 1150976K
  class space    used 15328K, capacity 15958K, committed 17664K, reserved 1048576K
}
Event: 5029.946 GC heap after
{Heap after GC invocations=404 (full 9):
 garbage-first heap   total 235520K, used 133252K [0x0000000740000000, 0x0000000800000000)
  region size 1024K, 4 young (4096K), 4 survivors (4096K)
 Metaspace       used 112311K, capacity 113850K, committed 118864K, reserved 1150976K
  class space    used 15328K, capacity 15958K, committed 17664K, reserved 1048576K
}
Event: 5031.387 GC heap before
{Heap before GC invocations=404 (full 9):
 garbage-first heap   total 235520K, used 189572K [0x0000000740000000, 0x0000000800000000)
  region size 1024K, 60 young (61440K), 4 survivors (4096K)
 Metaspace       used 112322K, capacity 113850K, committed 118864K, reserved 1150976K
  class space    used 15328K, capacity 15958K, committed 17664K, reserved 1048576K
}
Event: 5031.390 GC heap after
{Heap after GC invocations=405 (full 9):
 garbage-first heap   total 235520K, used 132198K [0x0000000740000000, 0x0000000800000000)
  region size 1024K, 3 young (3072K), 3 survivors (3072K)
 Metaspace       used 112322K, capacity 113850K, committed 118864K, reserved 1150976K
  class space    used 15328K, capacity 15958K, committed 17664K, reserved 1048576K
}
Event: 5031.864 GC heap before
{Heap before GC invocations=405 (full 9):
 garbage-first heap   total 235520K, used 190566K [0x0000000740000000, 0x0000000800000000)
  region size 1024K, 60 young (61440K), 3 survivors (3072K)
 Metaspace       used 112357K, capacity 113914K, committed 118864K, reserved 1150976K
  class space    used 15328K, capacity 15958K, committed 17664K, reserved 1048576K
}
Event: 5031.867 GC heap after
{Heap after GC invocations=406 (full 9):
 garbage-first heap   total 235520K, used 132828K [0x0000000740000000, 0x0000000800000000)
  region size 1024K, 4 young (4096K), 4 survivors (4096K)
 Metaspace       used 112357K, capacity 113914K, committed 118864K, reserved 1150976K
  class space    used 15328K, capacity 15958K, committed 17664K, reserved 1048576K
}
Event: 5049.924 GC heap before
{Heap before GC invocations=406 (full 9):
 garbage-first heap   total 235520K, used 190172K [0x0000000740000000, 0x0000000800000000)
  region size 1024K, 60 young (61440K), 4 survivors (4096K)
 Metaspace       used 112375K, capacity 113914K, committed 118864K, reserved 1150976K
  class space    used 15328K, capacity 15958K, committed 17664K, reserved 1048576K
}
Event: 5049.928 GC heap after
{Heap after GC invocations=407 (full 9):
 garbage-first heap   total 235520K, used 132915K [0x0000000740000000, 0x0000000800000000)
  region size 1024K, 4 young (4096K), 4 survivors (4096K)
 Metaspace       used 112375K, capacity 113914K, committed 118864K, reserved 1150976K
  class space    used 15328K, capacity 15958K, committed 17664K, reserved 1048576K
}
Event: 5050.576 GC heap before
{Heap before GC invocations=407 (full 9):
 garbage-first heap   total 235520K, used 190259K [0x0000000740000000, 0x0000000800000000)
  region size 1024K, 60 young (61440K), 4 survivors (4096K)
 Metaspace       used 112375K, capacity 113914K, committed 118864K, reserved 1150976K
  class space    used 15328K, capacity 15958K, committed 17664K, reserved 1048576K
}
Event: 5050.579 GC heap after
{Heap after GC invocations=408 (full 9):
 garbage-first heap   total 235520K, used 132840K [0x0000000740000000, 0x0000000800000000)
  region size 1024K, 3 young (3072K), 3 survivors (3072K)
 Metaspace       used 112375K, capacity 113914K, committed 118864K, reserved 1150976K
  class space    used 15328K, capacity 15958K, committed 17664K, reserved 1048576K
}

